TN:
SF:$PROJECT_PATH\src\polyfills.ts
FNF:0
FNH:0
LF:0
LH:0
BRF:0
BRH:0
end_of_record
TN:
SF:$PROJECT_PATH\src\test.ts
FNF:0
FNH:0
DA:13,1
DA:18,1
DA:20,1
LF:3
LH:3
BRF:0
BRH:0
end_of_record
TN:
SF:$PROJECT_PATH\src\app\sample\sample.component.ts
FN:9,(anonymous_0)
FN:11,SampleComponent
FN:15,(anonymous_2)
FN:20,(anonymous_3)
FN:25,(anonymous_4)
FNF:5
FNH:4
FNDA:1,(anonymous_0)
FNDA:6,SampleComponent
FNDA:6,(anonymous_2)
FNDA:1,(anonymous_3)
FNDA:0,(anonymous_4)
DA:9,1
DA:15,1
DA:16,6
DA:20,1
DA:21,1
DA:25,1
DA:26,0
DA:29,1
LF:8
LH:7
BRF:0
BRH:0
end_of_record
